Base path: 'C:/Program Files/Unity/Hub/Editor/2019.2.17f1/Editor/Data', plugins path 'C:/Program Files/Unity/Hub/Editor/2019.2.17f1/Editor/Data/PlaybackEngines'
Cmd: initializeCompiler
Cmd: preprocess
  insize=10866 outsize=7585 ok=1
Cmd: preprocess
  insize=9319 outsize=5132 ok=1
Cmd: preprocess
  insize=9363 outsize=5120 ok=1
Cmd: preprocess
  insize=9482 outsize=5068 ok=1
Cmd: preprocess
  insize=9278 outsize=5053 ok=1
Cmd: preprocess
  insize=9334 outsize=5036 ok=1
Cmd: preprocess
  insize=17193 outsize=8399 ok=1
Cmd: preprocess
  insize=39849 outsize=6502 ok=1
Cmd: preprocess
  insize=10252 outsize=5867 ok=1
Cmd: preprocess
  insize=28464 outsize=6240 ok=1
Cmd: preprocess
  insize=23461 outsize=20453 ok=1
Cmd: preprocess
  insize=32895 outsize=6300 ok=1
Cmd: preprocess
  insize=8503 outsize=5579 ok=1
Cmd: preprocess
  insize=17200 outsize=8457 ok=1
Cmd: preprocess
  insize=10009 outsize=5749 ok=1
Cmd: preprocess
  insize=22212 outsize=7058 ok=1
Cmd: preprocess
  insize=39212 outsize=6647 ok=1
Cmd: preprocess
  insize=5425 outsize=1211 ok=1
Cmd: preprocess
  insize=9737 outsize=5135 ok=1
Cmd: preprocess
  insize=39448 outsize=6533 ok=1
Cmd: preprocess
  insize=37659 outsize=6401 ok=1
Cmd: preprocess
  insize=9074 outsize=5077 ok=1
Cmd: preprocess
  insize=9503 outsize=5134 ok=1
Cmd: preprocess
  insize=9344 outsize=5075 ok=1
Cmd: preprocess
  insize=14154 outsize=7005 ok=1
Cmd: preprocess
  insize=33949 outsize=6276 ok=1
Cmd: preprocess
  insize=11542 outsize=5098 ok=1
Cmd: preprocess
  insize=16010 outsize=8296 ok=1
Cmd: preprocess
  insize=11820 outsize=5500 ok=1
Cmd: preprocess
  insize=16597 outsize=8266 ok=1
Cmd: preprocess
  insize=9399 outsize=5541 ok=1
Cmd: preprocess
  insize=4896 outsize=1155 ok=1
Cmd: preprocess
  insize=8895 outsize=5345 ok=1
Cmd: preprocess
  insize=9770 outsize=5596 ok=1
Cmd: preprocess
  insize=4848 outsize=1113 ok=1
Cmd: preprocess
  insize=28903 outsize=6250 ok=1
Cmd: preprocess
  insize=17302 outsize=8449 ok=1
Cmd: preprocess
  insize=2632 outsize=1092 ok=1
Cmd: preprocess
  insize=16588 outsize=8276 ok=1
Cmd: preprocess
  insize=10150 outsize=5744 ok=1
Cmd: preprocess
  insize=9406 outsize=5310 ok=1
Cmd: preprocess
  insize=7165 outsize=5457 ok=1
Cmd: preprocess
  insize=31966 outsize=8194 ok=1
Cmd: preprocess
  insize=4869 outsize=1182 ok=1
Cmd: preprocess
  insize=50232 outsize=6416 ok=1
Cmd: preprocess
  insize=37863 outsize=6245 ok=1
Cmd: preprocess
  insize=4004 outsize=878 ok=1
Cmd: preprocess
  insize=9703 outsize=5110 ok=1
Cmd: preprocess
  insize=4918 outsize=1170 ok=1
Cmd: preprocess
  insize=9506 outsize=5002 ok=1
Cmd: preprocess
  insize=18455 outsize=6350 ok=1
Cmd: preprocess
  insize=7015 outsize=5283 ok=1
Cmd: preprocess
  insize=9780 outsize=5546 ok=1
Cmd: preprocess
  insize=34326 outsize=6391 ok=1
Cmd: preprocess
  insize=14394 outsize=10258 ok=1
Cmd: preprocess
  insize=30263 outsize=7872 ok=1
Cmd: preprocess
  insize=13890 outsize=9783 ok=1
Cmd: preprocess
  insize=32093 outsize=6158 ok=1
Cmd: preprocess
  insize=12874 outsize=5935 ok=1
Cmd: preprocess
  insize=16085 outsize=8285 ok=1
Cmd: preprocess
  insize=8835 outsize=5335 ok=1
Cmd: preprocess
  insize=29208 outsize=6157 ok=1
Cmd: preprocess
  insize=29316 outsize=6124 ok=1
Cmd: preprocess
  insize=17127 outsize=8411 ok=1
Cmd: preprocess
  insize=5220 outsize=1190 ok=1
Cmd: preprocess
  insize=28479 outsize=6755 ok=1
Cmd: preprocess
  insize=10213 outsize=5110 ok=1
Cmd: preprocess
  insize=13520 outsize=6734 ok=1
Cmd: preprocess
  insize=20307 outsize=6124 ok=1
Cmd: preprocess
  insize=13527 outsize=6742 ok=1

Quitting shader compiler process
